{"C:\\hungry-hub\\src\\Components\\Contact.js": {"path":"C:\\hungry-hub\\src\\Components\\Contact.js","statementMap":{"0":{"start":{"line":1,"column":16},"end":{"line":22,"column":1}},"1":{"start":{"line":2,"column":2},"end":{"line":21,"column":4}}},"fnMap":{"0":{"name":"(anonymous_0)","decl":{"start":{"line":1,"column":16},"end":{"line":1,"column":17}},"loc":{"start":{"line":1,"column":22},"end":{"line":22,"column":1}},"line":1}},"branchMap":{},"s":{"0":1,"1":4},"f":{"0":4},"b":{},"_coverageSchema":"1a1c01bbd47fc00a2c39e90264f33305004495a9","hash":"576a575883c52cdbb467509e9bcf7929a9042843"}
,"C:\\hungry-hub\\src\\Components\\Header.js": {"path":"C:\\hungry-hub\\src\\Components\\Header.js","statementMap":{"0":{"start":{"line":8,"column":15},"end":{"line":61,"column":1}},"1":{"start":{"line":9,"column":32},"end":{"line":9,"column":49}},"2":{"start":{"line":10,"column":23},"end":{"line":10,"column":40}},"3":{"start":{"line":12,"column":27},"end":{"line":12,"column":50}},"4":{"start":{"line":21,"column":20},"end":{"line":21,"column":60}},"5":{"start":{"line":21,"column":43},"end":{"line":21,"column":59}},"6":{"start":{"line":23,"column":2},"end":{"line":60,"column":4}},"7":{"start":{"line":51,"column":14},"end":{"line":51,"column":79}}},"fnMap":{"0":{"name":"(anonymous_0)","decl":{"start":{"line":8,"column":15},"end":{"line":8,"column":16}},"loc":{"start":{"line":8,"column":21},"end":{"line":61,"column":1}},"line":8},"1":{"name":"(anonymous_1)","decl":{"start":{"line":21,"column":32},"end":{"line":21,"column":33}},"loc":{"start":{"line":21,"column":43},"end":{"line":21,"column":59}},"line":21},"2":{"name":"(anonymous_2)","decl":{"start":{"line":50,"column":21},"end":{"line":50,"column":22}},"loc":{"start":{"line":50,"column":27},"end":{"line":52,"column":13}},"line":50}},"branchMap":{"0":{"loc":{"start":{"line":31,"column":28},"end":{"line":31,"column":53}},"type":"cond-expr","locations":[{"start":{"line":31,"column":43},"end":{"line":31,"column":46}},{"start":{"line":31,"column":49},"end":{"line":31,"column":53}}],"line":31},"1":{"loc":{"start":{"line":51,"column":14},"end":{"line":51,"column":78}},"type":"cond-expr","locations":[{"start":{"line":51,"column":36},"end":{"line":51,"column":56}},{"start":{"line":51,"column":59},"end":{"line":51,"column":78}}],"line":51}},"s":{"0":1,"1":5,"2":5,"3":5,"4":5,"5":9,"6":5,"7":1},"f":{"0":5,"1":9,"2":1},"b":{"0":[5,0],"1":[1,0]},"_coverageSchema":"1a1c01bbd47fc00a2c39e90264f33305004495a9","hash":"69fee72079ae855dd6c72a2f95c413e43a2baedc"}
,"C:\\hungry-hub\\src\\Components\\RestroCard.js": {"path":"C:\\hungry-hub\\src\\Components\\RestroCard.js","statementMap":{"0":{"start":{"line":3,"column":19},"end":{"line":22,"column":3}},"1":{"start":{"line":6,"column":20},"end":{"line":6,"column":25}},"2":{"start":{"line":7,"column":2},"end":{"line":7,"column":40}},"3":{"start":{"line":9,"column":74},"end":{"line":9,"column":87}},"4":{"start":{"line":11,"column":6},"end":{"line":21,"column":8}},"5":{"start":{"line":30,"column":33},"end":{"line":40,"column":2}},"6":{"start":{"line":32,"column":2},"end":{"line":39,"column":3}},"7":{"start":{"line":33,"column":4},"end":{"line":38,"column":5}}},"fnMap":{"0":{"name":"(anonymous_0)","decl":{"start":{"line":3,"column":19},"end":{"line":3,"column":20}},"loc":{"start":{"line":3,"column":30},"end":{"line":22,"column":3}},"line":3},"1":{"name":"(anonymous_1)","decl":{"start":{"line":30,"column":33},"end":{"line":30,"column":34}},"loc":{"start":{"line":30,"column":49},"end":{"line":40,"column":2}},"line":30},"2":{"name":"(anonymous_2)","decl":{"start":{"line":32,"column":9},"end":{"line":32,"column":10}},"loc":{"start":{"line":32,"column":20},"end":{"line":39,"column":3}},"line":32}},"branchMap":{},"s":{"0":1,"1":1,"2":1,"3":1,"4":1,"5":1,"6":0,"7":0},"f":{"0":1,"1":0,"2":0},"b":{},"_coverageSchema":"1a1c01bbd47fc00a2c39e90264f33305004495a9","hash":"ad53d7de21548c9d29fc056d624b3d2abbada86c"}
,"C:\\hungry-hub\\src\\Components\\sum.js": {"path":"C:\\hungry-hub\\src\\Components\\sum.js","statementMap":{"0":{"start":{"line":3,"column":12},"end":{"line":5,"column":1}},"1":{"start":{"line":4,"column":4},"end":{"line":4,"column":15}}},"fnMap":{"0":{"name":"(anonymous_0)","decl":{"start":{"line":3,"column":12},"end":{"line":3,"column":13}},"loc":{"start":{"line":3,"column":21},"end":{"line":5,"column":1}},"line":3}},"branchMap":{},"s":{"0":1,"1":1},"f":{"0":1},"b":{},"_coverageSchema":"1a1c01bbd47fc00a2c39e90264f33305004495a9","hash":"9c980e8d212b0a3c47195ab99306a1689e891ae7"}
,"C:\\hungry-hub\\src\\utils\\UserContext.js": {"path":"C:\\hungry-hub\\src\\utils\\UserContext.js","statementMap":{"0":{"start":{"line":4,"column":20},"end":{"line":6,"column":2}}},"fnMap":{},"branchMap":{},"s":{"0":1},"f":{},"b":{},"_coverageSchema":"1a1c01bbd47fc00a2c39e90264f33305004495a9","hash":"a6ffd030599ae3af1b4468e26340c91ee7655fc8"}
,"C:\\hungry-hub\\src\\utils\\appStore.js": {"path":"C:\\hungry-hub\\src\\utils\\appStore.js","statementMap":{"0":{"start":{"line":4,"column":17},"end":{"line":8,"column":2}}},"fnMap":{},"branchMap":{},"s":{"0":1},"f":{},"b":{},"_coverageSchema":"1a1c01bbd47fc00a2c39e90264f33305004495a9","hash":"a08f8458b813d2e322a80f72c3b0365eec956275"}
,"C:\\hungry-hub\\src\\utils\\cardSlice.js": {"path":"C:\\hungry-hub\\src\\utils\\cardSlice.js","statementMap":{"0":{"start":{"line":3,"column":18},"end":{"line":33,"column":2}},"1":{"start":{"line":18,"column":6},"end":{"line":18,"column":39}},"2":{"start":{"line":21,"column":6},"end":{"line":21,"column":24}},"3":{"start":{"line":30,"column":6},"end":{"line":30,"column":25}},"4":{"start":{"line":35,"column":50},"end":{"line":35,"column":67}}},"fnMap":{"0":{"name":"(anonymous_0)","decl":{"start":{"line":9,"column":13},"end":{"line":9,"column":14}},"loc":{"start":{"line":9,"column":32},"end":{"line":19,"column":5}},"line":9},"1":{"name":"(anonymous_1)","decl":{"start":{"line":20,"column":16},"end":{"line":20,"column":17}},"loc":{"start":{"line":20,"column":35},"end":{"line":22,"column":5}},"line":20},"2":{"name":"(anonymous_2)","decl":{"start":{"line":24,"column":15},"end":{"line":24,"column":16}},"loc":{"start":{"line":24,"column":34},"end":{"line":31,"column":5}},"line":24}},"branchMap":{},"s":{"0":1,"1":0,"2":0,"3":0,"4":1},"f":{"0":0,"1":0,"2":0},"b":{},"_coverageSchema":"1a1c01bbd47fc00a2c39e90264f33305004495a9","hash":"10d40a4ebd0ac46e02928be27a10297f3fe98137"}
,"C:\\hungry-hub\\src\\utils\\constants.js": {"path":"C:\\hungry-hub\\src\\utils\\constants.js","statementMap":{"0":{"start":{"line":2,"column":0},"end":{"line":2,"column":83}},"1":{"start":{"line":5,"column":0},"end":{"line":5,"column":132}},"2":{"start":{"line":8,"column":0},"end":{"line":8,"column":130}},"3":{"start":{"line":11,"column":0},"end":{"line":11,"column":44}}},"fnMap":{},"branchMap":{},"s":{"0":2,"1":2,"2":2,"3":2},"f":{},"b":{},"_coverageSchema":"1a1c01bbd47fc00a2c39e90264f33305004495a9","hash":"ca074b176bf616672702cb8f1cdc9015d0f7d757"}
,"C:\\hungry-hub\\src\\utils\\useOnlineStatus.js": {"path":"C:\\hungry-hub\\src\\utils\\useOnlineStatus.js","statementMap":{"0":{"start":{"line":4,"column":24},"end":{"line":20,"column":1}},"1":{"start":{"line":5,"column":45},"end":{"line":5,"column":59}},"2":{"start":{"line":8,"column":4},"end":{"line":16,"column":11}},"3":{"start":{"line":9,"column":9},"end":{"line":11,"column":12}},"4":{"start":{"line":10,"column":16},"end":{"line":10,"column":39}},"5":{"start":{"line":13,"column":9},"end":{"line":15,"column":8}},"6":{"start":{"line":14,"column":12},"end":{"line":14,"column":34}},"7":{"start":{"line":19,"column":4},"end":{"line":19,"column":24}}},"fnMap":{"0":{"name":"(anonymous_0)","decl":{"start":{"line":4,"column":24},"end":{"line":4,"column":25}},"loc":{"start":{"line":4,"column":30},"end":{"line":20,"column":1}},"line":4},"1":{"name":"(anonymous_1)","decl":{"start":{"line":8,"column":14},"end":{"line":8,"column":15}},"loc":{"start":{"line":8,"column":19},"end":{"line":16,"column":5}},"line":8},"2":{"name":"(anonymous_2)","decl":{"start":{"line":9,"column":44},"end":{"line":9,"column":45}},"loc":{"start":{"line":9,"column":50},"end":{"line":11,"column":10}},"line":9},"3":{"name":"(anonymous_3)","decl":{"start":{"line":13,"column":43},"end":{"line":13,"column":44}},"loc":{"start":{"line":13,"column":49},"end":{"line":15,"column":6}},"line":13}},"branchMap":{},"s":{"0":1,"1":5,"2":5,"3":4,"4":0,"5":4,"6":0,"7":5},"f":{"0":5,"1":4,"2":0,"3":0},"b":{},"_coverageSchema":"1a1c01bbd47fc00a2c39e90264f33305004495a9","hash":"2eb5e576e770da61209e9576b11b49b03ccece61"}
}
