TN:
SF:src\Components\Body.js
FN:10,(anonymous_0)
FN:22,(anonymous_1)
FN:26,(anonymous_2)
FN:119,(anonymous_3)
FN:126,(anonymous_4)
FN:130,(anonymous_5)
FN:143,(anonymous_6)
FN:145,(anonymous_7)
FN:159,(anonymous_8)
FN:166,(anonymous_9)
FNF:10
FNH:9
FNDA:8,(anonymous_0)
FNDA:2,(anonymous_1)
FNDA:2,(anonymous_2)
FNDA:1,(anonymous_3)
FNDA:1,(anonymous_4)
FNDA:8,(anonymous_5)
FNDA:1,(anonymous_6)
FNDA:8,(anonymous_7)
FNDA:0,(anonymous_8)
FNDA:31,(anonymous_9)
DA:10,1
DA:12,8
DA:13,7
DA:14,7
DA:16,7
DA:22,7
DA:23,2
DA:26,7
DA:27,2
DA:31,2
DA:33,2
DA:35,2
DA:38,2
DA:97,7
DA:98,7
DA:99,0
DA:105,7
DA:108,7
DA:120,1
DA:130,1
DA:131,8
DA:133,1
DA:144,1
DA:145,8
DA:147,1
DA:160,0
DA:167,31
LF:27
LH:25
BRDA:98,0,0,0
BRDA:98,0,1,7
BRDA:108,1,0,2
BRDA:108,1,1,5
BRDA:168,2,0,0
BRDA:168,2,1,31
BRF:6
BRH:4
end_of_record
TN:
SF:src\Components\RestroCard.js
FN:3,(anonymous_0)
FN:30,(anonymous_1)
FN:32,(anonymous_2)
FNF:3
FNH:2
FNDA:32,(anonymous_0)
FNDA:7,(anonymous_1)
FNDA:0,(anonymous_2)
DA:3,2
DA:6,32
DA:9,32
DA:11,32
DA:30,2
DA:32,7
DA:33,0
LF:7
LH:6
BRF:0
BRH:0
end_of_record
